05, 17, 2026 (22:12:47): Opening rpy file C:\Program Files (x86)\IBM\Rational\Rhapsody Modeler\7.5\Share\Properties\PredefinedTypes.sbs
05, 17, 2026 (22:12:47): 
 Started loading C:\Program Files (x86)\IBM\Rational\Rhapsody Modeler\7.5\Share\Properties\PredefinedTypes.sbs on Sunday, May 17, 2026 (22:12:47).-

05, 17, 2026 (22:12:47): 

Starting inUnit resolution phase


05, 17, 2026 (22:12:47): 

Finished inUnit resolution phase


05, 17, 2026 (22:12:47): 
 Finished loading C:\Program Files (x86)\IBM\Rational\Rhapsody Modeler\7.5\Share\Properties\PredefinedTypes.sbs on Sunday, May 17, 2026 (22:12:47).-

05, 17, 2026 (22:12:47): Opening rpy file C:\Program Files (x86)\IBM\Rational\Rhapsody Modeler\7.5\Share\Properties\PredefinedTypesC++.sbs
05, 17, 2026 (22:12:47): 
 Started loading C:\Program Files (x86)\IBM\Rational\Rhapsody Modeler\7.5\Share\Properties\PredefinedTypesC++.sbs on Sunday, May 17, 2026 (22:12:47).-

05, 17, 2026 (22:12:48): 

Starting inUnit resolution phase


05, 17, 2026 (22:12:48): 

Finished inUnit resolution phase


05, 17, 2026 (22:12:48): 
 Finished loading C:\Program Files (x86)\IBM\Rational\Rhapsody Modeler\7.5\Share\Properties\PredefinedTypesC++.sbs on Sunday, May 17, 2026 (22:12:48).-

05, 17, 2026 (22:12:48): Opening rpy file C:\Users\Peppa-Pig\Desktop\Assignment2\Project\Project.rpy
05, 17, 2026 (22:12:48): 
 Started loading C:\Users\Peppa-Pig\Desktop\Assignment2\Project\Project.rpy on Sunday, May 17, 2026 (22:12:48).-

05, 17, 2026 (22:12:48): Opening rpy file C:\Users\Peppa-Pig\Desktop\Assignment2\Project\Project_rpy\Default.sbs
05, 17, 2026 (22:12:48): 
 Started loading C:\Users\Peppa-Pig\Desktop\Assignment2\Project\Project_rpy\Default.sbs on Sunday, May 17, 2026 (22:12:48).-

05, 17, 2026 (22:12:48): 

Starting inUnit resolution phase


05, 17, 2026 (22:12:48): 

Finished inUnit resolution phase


05, 17, 2026 (22:12:48): 
 Finished loading C:\Users\Peppa-Pig\Desktop\Assignment2\Project\Project_rpy\Default.sbs on Sunday, May 17, 2026 (22:12:48).-

05, 17, 2026 (22:12:48): Opening rpy file C:\Users\Peppa-Pig\Desktop\Assignment2\Project\Project_rpy\DefaultComponent.cmp
05, 17, 2026 (22:12:48): 
 Started loading C:\Users\Peppa-Pig\Desktop\Assignment2\Project\Project_rpy\DefaultComponent.cmp on Sunday, May 17, 2026 (22:12:48).-

05, 17, 2026 (22:12:48): 

Starting inUnit resolution phase


05, 17, 2026 (22:12:48): 

Finished inUnit resolution phase


05, 17, 2026 (22:12:48): 
 Finished loading C:\Users\Peppa-Pig\Desktop\Assignment2\Project\Project_rpy\DefaultComponent.cmp on Sunday, May 17, 2026 (22:12:48).-

05, 17, 2026 (22:12:48): 

Starting inUnit resolution phase


05, 17, 2026 (22:12:48): 

Finished inUnit resolution phase


05, 17, 2026 (22:12:48): 

Starting inUnit resolution phase


05, 17, 2026 (22:12:48): 

Finished inUnit resolution phase


05, 17, 2026 (22:12:48): 

Starting inUnit resolution phase


05, 17, 2026 (22:12:48): 

Finished inUnit resolution phase


05, 17, 2026 (22:12:48): 
 Finished loading C:\Users\Peppa-Pig\Desktop\Assignment2\Project\Project.rpy on Sunday, May 17, 2026 (22:12:48).-

05, 17, 2026 (22:12:48): Starting checks of EventsBaseID conflicts
05, 17, 2026 (22:12:48): Finished checks of EventsBaseID conflicts
05, 17, 2026 (22:12:48): End Log
