05, 17, 2026 (23:22:19): Starting Pre-Save actions

05, 17, 2026 (23:22:19): Starting Dialogs Check/Save
05, 17, 2026 (23:22:19): Finished Dialogs Check/Save
05, 17, 2026 (23:22:19): Starting Controlled Files Resolution
05, 17, 2026 (23:22:19): Finished Controlled Files Resolution
05, 17, 2026 (23:22:19): Finished Pre-Save actions

05, 17, 2026 (23:22:19): Creating C:\Users\Peppa-Pig\Desktop\Assignment2\Project\Project.rpy
05, 17, 2026 (23:22:19): 
Started writing C:\Users\Peppa-Pig\Desktop\Assignment2\Project\Project.rpy on Sunday, May 17, 2026 (23:22:19)

05, 17, 2026 (23:22:19): version 8.5.2
05, 17, 2026 (23:22:19): 
Started writing C:\Users\Peppa-Pig\Desktop\Assignment2\Project\Project_rpy\filesTable.dat on Sunday, May 17, 2026 (23:22:19)

05, 17, 2026 (23:22:19): Finished writing C:\Users\Peppa-Pig\Desktop\Assignment2\Project\Project_rpy\filesTable.dat on Sunday, May 17, 2026 (23:22:19)

05, 17, 2026 (23:22:19): Creating C:\Users\Peppa-Pig\Desktop\Assignment2\Project\Project_rpy\Default.sbs
05, 17, 2026 (23:22:19): 
Started writing C:\Users\Peppa-Pig\Desktop\Assignment2\Project\Project_rpy\Default.sbs on Sunday, May 17, 2026 (23:22:19)

05, 17, 2026 (23:22:19): version 8.5.2
05, 17, 2026 (23:22:19): Finished writing C:\Users\Peppa-Pig\Desktop\Assignment2\Project\Project_rpy\Default.sbs on Sunday, May 17, 2026 (23:22:19)

05, 17, 2026 (23:22:19): Creating C:\Users\Peppa-Pig\Desktop\Assignment2\Project\Project_rpy\DefaultComponent.cmp
05, 17, 2026 (23:22:19): 
Started writing C:\Users\Peppa-Pig\Desktop\Assignment2\Project\Project_rpy\DefaultComponent.cmp on Sunday, May 17, 2026 (23:22:19)

05, 17, 2026 (23:22:19): version 8.5.2
05, 17, 2026 (23:22:19): Finished writing C:\Users\Peppa-Pig\Desktop\Assignment2\Project\Project_rpy\DefaultComponent.cmp on Sunday, May 17, 2026 (23:22:19)

05, 17, 2026 (23:22:19): Creating C:\Users\Peppa-Pig\Desktop\Assignment2\Project\Project_rpy\MobileAppUI.cmp
05, 17, 2026 (23:22:19): 
Started writing C:\Users\Peppa-Pig\Desktop\Assignment2\Project\Project_rpy\MobileAppUI.cmp on Sunday, May 17, 2026 (23:22:19)

05, 17, 2026 (23:22:19): version 8.5.2
05, 17, 2026 (23:22:19): Finished writing C:\Users\Peppa-Pig\Desktop\Assignment2\Project\Project_rpy\MobileAppUI.cmp on Sunday, May 17, 2026 (23:22:19)

05, 17, 2026 (23:22:19): Creating C:\Users\Peppa-Pig\Desktop\Assignment2\Project\Project_rpy\NavigationModule.cmp
05, 17, 2026 (23:22:19): 
Started writing C:\Users\Peppa-Pig\Desktop\Assignment2\Project\Project_rpy\NavigationModule.cmp on Sunday, May 17, 2026 (23:22:19)

05, 17, 2026 (23:22:19): version 8.5.2
05, 17, 2026 (23:22:19): Finished writing C:\Users\Peppa-Pig\Desktop\Assignment2\Project\Project_rpy\NavigationModule.cmp on Sunday, May 17, 2026 (23:22:19)

05, 17, 2026 (23:22:19): Creating C:\Users\Peppa-Pig\Desktop\Assignment2\Project\Project_rpy\POISearchModule.cmp
05, 17, 2026 (23:22:19): 
Started writing C:\Users\Peppa-Pig\Desktop\Assignment2\Project\Project_rpy\POISearchModule.cmp on Sunday, May 17, 2026 (23:22:19)

05, 17, 2026 (23:22:19): version 8.5.2
05, 17, 2026 (23:22:19): Finished writing C:\Users\Peppa-Pig\Desktop\Assignment2\Project\Project_rpy\POISearchModule.cmp on Sunday, May 17, 2026 (23:22:19)

05, 17, 2026 (23:22:19): Creating C:\Users\Peppa-Pig\Desktop\Assignment2\Project\Project_rpy\OfflineMapModule.cmp
05, 17, 2026 (23:22:19): 
Started writing C:\Users\Peppa-Pig\Desktop\Assignment2\Project\Project_rpy\OfflineMapModule.cmp on Sunday, May 17, 2026 (23:22:19)

05, 17, 2026 (23:22:19): version 8.5.2
05, 17, 2026 (23:22:19): Finished writing C:\Users\Peppa-Pig\Desktop\Assignment2\Project\Project_rpy\OfflineMapModule.cmp on Sunday, May 17, 2026 (23:22:19)

05, 17, 2026 (23:22:19): Creating C:\Users\Peppa-Pig\Desktop\Assignment2\Project\Project_rpy\UserDataModule.cmp
05, 17, 2026 (23:22:19): 
Started writing C:\Users\Peppa-Pig\Desktop\Assignment2\Project\Project_rpy\UserDataModule.cmp on Sunday, May 17, 2026 (23:22:19)

05, 17, 2026 (23:22:19): version 8.5.2
05, 17, 2026 (23:22:19): Finished writing C:\Users\Peppa-Pig\Desktop\Assignment2\Project\Project_rpy\UserDataModule.cmp on Sunday, May 17, 2026 (23:22:19)

05, 17, 2026 (23:22:19): Creating C:\Users\Peppa-Pig\Desktop\Assignment2\Project\Project_rpy\MapServiceAPI.cmp
05, 17, 2026 (23:22:19): 
Started writing C:\Users\Peppa-Pig\Desktop\Assignment2\Project\Project_rpy\MapServiceAPI.cmp on Sunday, May 17, 2026 (23:22:19)

05, 17, 2026 (23:22:19): version 8.5.2
05, 17, 2026 (23:22:19): Finished writing C:\Users\Peppa-Pig\Desktop\Assignment2\Project\Project_rpy\MapServiceAPI.cmp on Sunday, May 17, 2026 (23:22:19)

05, 17, 2026 (23:22:19): Creating C:\Users\Peppa-Pig\Desktop\Assignment2\Project\Project_rpy\component_15.cmp
05, 17, 2026 (23:22:19): 
Started writing C:\Users\Peppa-Pig\Desktop\Assignment2\Project\Project_rpy\component_15.cmp on Sunday, May 17, 2026 (23:22:19)

05, 17, 2026 (23:22:19): version 8.5.2
05, 17, 2026 (23:22:19): Finished writing C:\Users\Peppa-Pig\Desktop\Assignment2\Project\Project_rpy\component_15.cmp on Sunday, May 17, 2026 (23:22:19)

05, 17, 2026 (23:22:19): Creating C:\Users\Peppa-Pig\Desktop\Assignment2\Project\Project_rpy\TrafficDataService.cmp
05, 17, 2026 (23:22:19): 
Started writing C:\Users\Peppa-Pig\Desktop\Assignment2\Project\Project_rpy\TrafficDataService.cmp on Sunday, May 17, 2026 (23:22:19)

05, 17, 2026 (23:22:19): version 8.5.2
05, 17, 2026 (23:22:19): Finished writing C:\Users\Peppa-Pig\Desktop\Assignment2\Project\Project_rpy\TrafficDataService.cmp on Sunday, May 17, 2026 (23:22:19)

05, 17, 2026 (23:22:19): Creating C:\Users\Peppa-Pig\Desktop\Assignment2\Project\Project_rpy\LocalStorage.cmp
05, 17, 2026 (23:22:19): 
Started writing C:\Users\Peppa-Pig\Desktop\Assignment2\Project\Project_rpy\LocalStorage.cmp on Sunday, May 17, 2026 (23:22:19)

05, 17, 2026 (23:22:19): version 8.5.2
05, 17, 2026 (23:22:19): Finished writing C:\Users\Peppa-Pig\Desktop\Assignment2\Project\Project_rpy\LocalStorage.cmp on Sunday, May 17, 2026 (23:22:19)

05, 17, 2026 (23:22:19): Creating C:\Users\Peppa-Pig\Desktop\Assignment2\Project\Project_rpy\CloudDatabase.cmp
05, 17, 2026 (23:22:19): 
Started writing C:\Users\Peppa-Pig\Desktop\Assignment2\Project\Project_rpy\CloudDatabase.cmp on Sunday, May 17, 2026 (23:22:19)

05, 17, 2026 (23:22:19): version 8.5.2
05, 17, 2026 (23:22:19): Finished writing C:\Users\Peppa-Pig\Desktop\Assignment2\Project\Project_rpy\CloudDatabase.cmp on Sunday, May 17, 2026 (23:22:19)

05, 17, 2026 (23:22:19): Finished writing C:\Users\Peppa-Pig\Desktop\Assignment2\Project\Project.rpy on Sunday, May 17, 2026 (23:22:19)

05, 17, 2026 (23:22:19): End Log
